<?xml version="1.0" encoding="UTF-8"?>
<!-- Generated by org.testng.reporters.JUnitReportReporter -->
<testsuite skipped="0" hostname="DESKTOP-8LF9QI4" name="com.apiTesting.ApiTesting_Counties" tests="5" failures="0" timestamp="2020-09-01T13:20:30 IST" time="20.974" errors="0">
  <testcase name="list_Code" time="2.432" classname="com.apiTesting.ApiTesting_Counties"/>
  <system-out/>
  <testcase name="country_capital" time="13.956" classname="com.apiTesting.ApiTesting_Counties"/>
  <system-out/>
  <testcase name="language" time="1.670" classname="com.apiTesting.ApiTesting_Counties"/>
  <system-out/>
  <testcase name="fullName" time="1.634" classname="com.apiTesting.ApiTesting_Counties"/>
  <system-out/>
  <testcase name="currency" time="1.282" classname="com.apiTesting.ApiTesting_Counties"/>
  <system-out/>
</testsuite> <!-- com.apiTesting.ApiTesting_Counties -->
