<?xml version="1.0" encoding="UTF-8"?>
<!-- Generated by org.testng.reporters.JUnitReportReporter -->
<testsuite skipped="0" hostname="DESKTOP-8LF9QI4" name="com.apiTesting1and2.ApiTesting_Counties" tests="5" failures="0" timestamp="2020-09-04T13:40:44 IST" time="10.520" errors="0">
  <testcase name="list_Code" time="1.501" classname="com.apiTesting1and2.ApiTesting_Counties"/>
  <system-out/>
  <testcase name="country_capital" time="4.362" classname="com.apiTesting1and2.ApiTesting_Counties"/>
  <system-out/>
  <testcase name="language" time="1.684" classname="com.apiTesting1and2.ApiTesting_Counties"/>
  <system-out/>
  <testcase name="fullName" time="1.553" classname="com.apiTesting1and2.ApiTesting_Counties"/>
  <system-out/>
  <testcase name="currency" time="1.420" classname="com.apiTesting1and2.ApiTesting_Counties"/>
  <system-out/>
</testsuite> <!-- com.apiTesting1and2.ApiTesting_Counties -->
