<?xml version="1.0" encoding="UTF-8"?>
<!-- Generated by org.testng.reporters.JUnitReportReporter -->
<testsuite skipped="0" hostname="DESKTOP-8LF9QI4" name="com.apiTesting5.Res_Body" tests="1" failures="0" timestamp="2020-09-02T10:30:13 IST" time="7.754" errors="0">
  <testcase name="filter_Res" time="7.754" classname="com.apiTesting5.Res_Body"/>
  <system-out/>
</testsuite> <!-- com.apiTesting5.Res_Body -->
